SkyUpdateV2/app/build/outputs/logs/manifest-merger-debug-report.txt
-- Merging decision tree log ---
manifest
ADDED from src\main\AndroidManifest.xml:2:1-64:12
	package
		ADDED from src\main\AndroidManifest.xml:3:5-42
		INJECTED from src\main\AndroidManifest.xml
		INJECTED from src\main\AndroidManifest.xml
	android:sharedUserId
		ADDED from src\main\AndroidManifest.xml:4:5-46
	android:versionName
		ADDED from src\main\AndroidManifest.xml:7:5-32
		INJECTED from src\main\AndroidManifest.xml
		INJECTED from src\main\AndroidManifest.xml
	android:versionCode
		ADDED from src\main\AndroidManifest.xml:6:5-32
		INJECTED from src\main\AndroidManifest.xml
		INJECTED from src\main\AndroidManifest.xml
	xmlns:android
		ADDED from src\main\AndroidManifest.xml:2:11-69
	android:persistent
		ADDED from src\main\AndroidManifest.xml:5:5-30
uses-sdk
ADDED from src\main\AndroidManifest.xml:9:5-11:41
MERGED from [com.android.support:support-v4:23.1.0] AndroidManifest.xml:20:5-43
	android:targetSdkVersion
		ADDED from src\main\AndroidManifest.xml:11:9-38
		INJECTED from src\main\AndroidManifest.xml
		INJECTED from src\main\AndroidManifest.xml
	android:minSdkVersion
		ADDED from src\main\AndroidManifest.xml:10:9-35
		INJECTED from src\main\AndroidManifest.xml
		INJECTED from src\main\AndroidManifest.xml
uses-permission#android.permission.INTERNET
ADDED from src\main\AndroidManifest.xml:13:5-67
	android:name
		ADDED from src\main\AndroidManifest.xml:13:22-64
uses-permission#android.permission.WRITE_EXTERNAL_STORAGE
ADDED from src\main\AndroidManifest.xml:14:5-81
	android:name
		ADDED from src\main\AndroidManifest.xml:14:22-78
uses-permission#android.permission.ACCESS_WIFI_STATE
ADDED from src\main\AndroidManifest.xml:15:5-76
	android:name
		ADDED from src\main\AndroidManifest.xml:15:22-73
uses-permission#android.permission.RECEIVE_BOOT_COMPLETED
ADDED from src\main\AndroidManifest.xml:16:5-81
	android:name
		ADDED from src\main\AndroidManifest.xml:16:22-78
uses-permission#com.skyworthdigital.upgrade.contentProvider.write
ADDED from src\main\AndroidManifest.xml:17:5-89
	android:name
		ADDED from src\main\AndroidManifest.xml:17:22-86
uses-permission#android.Manifest.permission.BROADCAST_STICKY
ADDED from src\main\AndroidManifest.xml:18:5-83
	android:name
		ADDED from src\main\AndroidManifest.xml:18:22-81
permission#com.skyworthdigital.upgrade.contentProvider.write
ADDED from src\main\AndroidManifest.xml:21:5-24:40
	android:label
		ADDED from src\main\AndroidManifest.xml:23:5-39
	android:protectionLevel
		ADDED from src\main\AndroidManifest.xml:24:5-37
	android:name
		ADDED from src\main\AndroidManifest.xml:22:5-69
application
ADDED from src\main\AndroidManifest.xml:26:5-62:19
MERGED from [com.android.support:support-v4:23.1.0] AndroidManifest.xml:22:5-20
	android:label
		ADDED from src\main\AndroidManifest.xml:30:9-41
	android:allowBackup
		ADDED from src\main\AndroidManifest.xml:28:9-35
	android:icon
		ADDED from src\main\AndroidManifest.xml:29:9-45
	android:theme
		ADDED from src\main\AndroidManifest.xml:31:9-40
	android:name
		ADDED from src\main\AndroidManifest.xml:27:9-62
activity#com.skyworthdigital.upgrade.MainActivity
ADDED from src\main\AndroidManifest.xml:32:9-43:20
	android:label
		ADDED from src\main\AndroidManifest.xml:34:13-45
	android:name
		ADDED from src\main\AndroidManifest.xml:33:13-68
service#com.skyworthdigital.upgrade.service.UpgradeService
ADDED from src\main\AndroidManifest.xml:45:9-49:19
	android:name
		ADDED from src\main\AndroidManifest.xml:45:18-83
intent-filter#skyworthdigital.intent.action.Upgrade_SERVICE
ADDED from src\main\AndroidManifest.xml:46:13-48:29
action#skyworthdigital.intent.action.Upgrade_SERVICE
ADDED from src\main\AndroidManifest.xml:47:17-88
	android:name
		ADDED from src\main\AndroidManifest.xml:47:25-85
receiver#com.skyworthdigital.upgrade.service.UpgradeReceiver
ADDED from src\main\AndroidManifest.xml:51:9-56:20
	android:name
		ADDED from src\main\AndroidManifest.xml:51:19-85
intent-filter#android.intent.action.BOOT_COMPLETED+android.net.conn.CONNECTIVITY_CHANGE
ADDED from src\main\AndroidManifest.xml:52:13-55:29
	android:priority
		ADDED from src\main\AndroidManifest.xml:52:28-51
action#android.intent.action.BOOT_COMPLETED
ADDED from src\main\AndroidManifest.xml:53:17-79
	android:name
		ADDED from src\main\AndroidManifest.xml:53:25-76
action#android.net.conn.CONNECTIVITY_CHANGE
ADDED from src\main\AndroidManifest.xml:54:17-79
	android:name
		ADDED from src\main\AndroidManifest.xml:54:25-76
provider#com.skyworthdigital.upgrade.provider.UpgradeProvider
ADDED from src\main\AndroidManifest.xml:58:9-61:93
	android:authorities
		ADDED from src\main\AndroidManifest.xml:59:14-63
	android:exported
		ADDED from src\main\AndroidManifest.xml:60:14-37
	android:name
		ADDED from src\main\AndroidManifest.xml:58:19-86
	android:writePermission
		ADDED from src\main\AndroidManifest.xml:61:14-89